============================================================
  Generated by:           Genus(TM) Synthesis Solution 21.15-s080_1
  Generated on:           Dec 04 2024  09:39:52 pm
  Module:                 bridge_soc_top
  Operating conditions:   PVT_1P8V_25C 
  Interconnect mode:      global
  Area mode:              timing library
============================================================


Path 1: MET (67 ps) Setup Check with Pin soc_can_tx_data_bus_reg[61]/CLK->D
          Group: C2C
     Startpoint: (R) soc_uart_rx_inst_uart_data_ready_reg/CLK
          Clock: (R) clock
       Endpoint: (F) soc_can_tx_data_bus_reg[61]/D
          Clock: (R) clock

                     Capture       Launch     
        Clock Edge:+    2000            0     
       Src Latency:+       0            0     
       Net Latency:+       0 (I)        0 (I) 
           Arrival:=    2000            0     
                                              
             Setup:-     212                  
     Required Time:=    1788                  
      Launch Clock:-       0                  
         Data Path:-    1722                  
             Slack:=      67                  

#-------------------------------------------------------------------------------------------------------------------
#              Timing Point                Flags    Arc   Edge   Cell     Fanout  Load Trans Delay Arrival Instance 
#                                                                                 (fF)  (ps)  (ps)   (ps)  Location 
#-------------------------------------------------------------------------------------------------------------------
  soc_uart_rx_inst_uart_data_ready_reg/CLK -       -      R     (arrival)    302     -     0     0       0    (-,-) 
  soc_uart_rx_inst_uart_data_ready_reg/Q   -       CLK->Q R     DFFQSRX1      13  71.6  1054   714     714    (-,-) 
  g11019/Z                                 -       A->Z   F     INVX2          2  15.2   259   172     886    (-,-) 
  g11015/Z                                 -       A->Z   R     INVX2         24 142.9  1084   696    1582    (-,-) 
  g10817__6131/Z                           -       S->Z   F     MUX2X1         1   6.4    88   140    1722    (-,-) 
  soc_can_tx_data_bus_reg[61]/D            -       -      F     DFFQSRX1       1     -     -     0    1722    (-,-) 
#-------------------------------------------------------------------------------------------------------------------

