============================================================
  Generated by:           Genus(TM) Synthesis Solution 21.15-s080_1
  Generated on:           Dec 04 2024  09:39:55 pm
  Module:                 bridge_soc_top
  Operating conditions:   PVT_1P8V_25C 
  Interconnect mode:      global
  Area mode:              timing library
============================================================

Timing
--------

Clock Period 
-------------
clock 2000.0 


  Cost    Critical         Violating 
 Group   Path Slack  TNS     Paths   
-------------------------------------
C2C             1.5   0.0          0 
C2O        No paths   0.0            
clock      No paths   0.0            
default    No paths   0.0            
I2C        No paths   0.0            
I2O        No paths   0.0            
-------------------------------------
Total                 0.0          0 

Instance Count
--------------
Leaf Instance Count             1084 
Physical Instance count            0 
Sequential Instance Count        301 
Combinational Instance Count     783 
Hierarchical Instance Count        8 

Area
----
Cell Area                          41751.469
Physical Cell Area                 0.000
Total Cell Area (Cell+Physical)    41751.469
Net Area                           9630.005
Total Area (Cell+Physical+Net)     51381.474

Runtime                            0.0 seconds
Elapsed Runtime                    29 seconds
Genus peak memory usage            1573.75 
Innovus peak memory usage          no_value 
Hostname                           lnissrv4.eng.utah.edu
