============================================================
  Generated by:           Genus(TM) Synthesis Solution 21.15-s080_1
  Generated on:           Dec 04 2024  09:39:45 pm
  Module:                 bridge_soc_top
  Operating conditions:   PVT_1P8V_25C 
  Interconnect mode:      global
  Area mode:              timing library
============================================================

Timing
--------

Clock Period 
-------------
clock 2000.0 


  Cost    Critical         Violating 
 Group   Path Slack  TNS     Paths   
-------------------------------------
C2C           340.9   0.0          0 
C2O        No paths   0.0            
clock      No paths   0.0            
default    No paths   0.0            
I2C        No paths   0.0            
I2O        No paths   0.0            
-------------------------------------
Total                 0.0          0 

Instance Count
--------------
Leaf Instance Count             1249 
Physical Instance count            0 
Sequential Instance Count        302 
Combinational Instance Count     947 
Hierarchical Instance Count        8 

Area
----
Cell Area                          44006.548
Physical Cell Area                 0.000
Total Cell Area (Cell+Physical)    44006.548
Net Area                           54.766
Total Area (Cell+Physical+Net)     44061.314

Runtime                            0.0 seconds
Elapsed Runtime                    19 seconds
Genus peak memory usage            1570.00 
Innovus peak memory usage          no_value 
Hostname                           lnissrv4.eng.utah.edu
