============================================================
  Generated by:           Genus(TM) Synthesis Solution 21.15-s080_1
  Generated on:           Dec 04 2024  09:39:51 pm
  Module:                 bridge_soc_top
  Operating conditions:   PVT_1P8V_25C 
  Interconnect mode:      global
  Area mode:              timing library
============================================================

                                 Leakage  
  Gate    Instances    Area    Power (nW)       Library       
--------------------------------------------------------------
AND2X1           25    371.420      0.912    sclib_tsmc180_tt 
BUFX1             2     25.323      0.082    sclib_tsmc180_tt 
DFFQSRX1        301  29733.983     94.867    sclib_tsmc180_tt 
INVX1             2     16.542      0.049    sclib_tsmc180_tt 
INVX16            3     84.084      0.178    sclib_tsmc180_tt 
INVX2            34    281.221      0.646    sclib_tsmc180_tt 
INVX4             5     52.332      0.115    sclib_tsmc180_tt 
INVX8             5     85.260      0.181    sclib_tsmc180_tt 
MUX2X1          156   3424.512     10.439    sclib_tsmc180_tt 
NAND2X1         401   5077.302      7.349    sclib_tsmc180_tt 
NAND3X1         111   1892.772      2.714    sclib_tsmc180_tt 
NOR2X1           31    392.510      0.832    sclib_tsmc180_tt 
OR2X1            25    371.420      1.255    sclib_tsmc180_tt 
XOR2X1            8    193.120      0.740    sclib_tsmc180_tt 
--------------------------------------------------------------
total          1109  42001.801    120.357                     


                                            Leakage  Leakage 
     Type      Instances    Area   Area % Power (nW) Power % 
-------------------------------------------------------------
sequential           301 29733.983   70.8     94.867    78.8 
inverter              49   519.439    1.2      1.168     1.0 
buffer                 2    25.323    0.1      0.082     0.1 
unresolved             8     0.000    0.0      0.000     0.0 
logic                757 11723.055   27.9     24.240    20.1 
physical_cells         0     0.000    0.0      0.000     0.0 
-------------------------------------------------------------
total               1117 42001.801  100.0    120.357   100.0 

