============================================================
  Generated by:           Genus(TM) Synthesis Solution 21.15-s080_1
  Generated on:           Dec 04 2024  09:39:55 pm
  Module:                 bridge_soc_top
  Operating conditions:   PVT_1P8V_25C 
  Interconnect mode:      global
  Area mode:              timing library
============================================================

                                 Leakage  
  Gate    Instances    Area    Power (nW)       Library       
--------------------------------------------------------------
AND2X1           27    401.134      0.960    sclib_tsmc180_tt 
DFFQSRX1        301  29733.983     94.839    sclib_tsmc180_tt 
INVX1             2     16.542      0.032    sclib_tsmc180_tt 
INVX16            3     84.084      0.178    sclib_tsmc180_tt 
INVX2            24    198.509      0.473    sclib_tsmc180_tt 
INVX4             3     31.399      0.069    sclib_tsmc180_tt 
INVX8             4     68.208      0.140    sclib_tsmc180_tt 
MUX2X1          161   3534.272     10.807    sclib_tsmc180_tt 
NAND2X1         392   4963.347      7.135    sclib_tsmc180_tt 
NAND3X1         105   1790.460      2.596    sclib_tsmc180_tt 
NOR2X1           30    379.848      0.802    sclib_tsmc180_tt 
OR2X1            24    356.563      1.206    sclib_tsmc180_tt 
XOR2X1            8    193.120      0.751    sclib_tsmc180_tt 
--------------------------------------------------------------
total          1084  41751.469    119.988                     


                                            Leakage  Leakage 
     Type      Instances    Area   Area % Power (nW) Power % 
-------------------------------------------------------------
sequential           301 29733.983   71.2     94.839    79.0 
inverter              36   398.742    1.0      0.893     0.7 
unresolved             8     0.000    0.0      0.000     0.0 
logic                747 11618.744   27.8     24.256    20.2 
physical_cells         0     0.000    0.0      0.000     0.0 
-------------------------------------------------------------
total               1092 41751.469  100.0    119.988   100.0 

