\o Program:		@(#)$CDS: libManager version 6.1.8 - CAT37 06/21/2022 12:53 (cpgsrv12) $
\o Sub version:		sub-version  s266 
\o Arguments:		-mpssession virtuoso2852951 -mpshost lnissrv4 
\o Working Directory:	lnissrv4:/home/u1500738/Projects/uart_can_bridge/virtuoso
\o 64-bit offsets
\o Qt version: 		5.9.1
\o Log file is "/home/u1500738/Projects/uart_can_bridge/virtuoso/libManager.log".
\o Opening libManager window.
\a nrSetCurrentWindow(cdsLibManager)
\a nrResizeWindow(cdsLibManager list(516 264 602 491))
\o changeWorkingDir("/home/u1500738/Projects/uart_can_bridge/virtuoso") unnecessary.
\o ddSetForcedLib("") unnecessary.
\o MPS service: map window
\w Warning: '/home/u1500738/Projects/uart_can_bridge/virtuoso/cds.lib', Line 13: End of DEFINE command while expecting a path.
\w Warning: '/home/u1500738/Projects/uart_can_bridge/virtuoso/cds.lib', Line 14: Skipping: '/research/ece/lnis-teaching/Designkits/tsmc180nm/full_custom_lib/oa/RA1SHD_RD'
\o  
\w Warning: '/home/u1500738/Projects/uart_can_bridge/virtuoso/cds.lib', Line 15: End of DEFINE command while expecting a path.
\w Warning: '/home/u1500738/Projects/uart_can_bridge/virtuoso/cds.lib', Line 16: Skipping: '/research/ece/lnis-teaching/Designkits/tsmc180nm/full_custom_lib/oa/RF2SH'
\o  
\o Library Manager customization server connected.
\a cdsLibManager->FileNewLibButton->value = t
\a nrSetWindowVisibility(NewLibShell "show")
\a nrSetCurrentWindow(NewLibShell)
\a nrSetCurrentWindow(NewLibShell->subDialog)
\a nrResizeWindow(NewLibShell list(554 190 507 559))
\a NewLibShell->newLibNameText->value = "bridge_soc_top"
\a NewLibShell->newLibOKButton->value = t
\a nrSetWindowVisibility(workingDialogForm "show")
\a nrSetCurrentWindow(workingDialogForm)
\o Created new library "bridge_soc_top" at /home/u1500738/Projects/uart_can_bridge/virtuoso/bridge_soc_top.
\a nrSetCurrentWindow(cdsLibManager)
\w Warning: '/home/u1500738/Projects/uart_can_bridge/virtuoso/cds.lib', Line 13: End of DEFINE command while expecting a path.
\w Warning: '/home/u1500738/Projects/uart_can_bridge/virtuoso/cds.lib', Line 14: Skipping: '/research/ece/lnis-teaching/Designkits/tsmc180nm/full_custom_lib/oa/RA1SHD_RD'
\o  
\w Warning: '/home/u1500738/Projects/uart_can_bridge/virtuoso/cds.lib', Line 15: End of DEFINE command while expecting a path.
\w Warning: '/home/u1500738/Projects/uart_can_bridge/virtuoso/cds.lib', Line 16: Skipping: '/research/ece/lnis-teaching/Designkits/tsmc180nm/full_custom_lib/oa/RF2SH'
\o  
\a nrResizeWindow(workingDialogForm list(646 366 323 133))
\a nrResizeWindow(NewLibShell list(554 153 507 559))
\w Warning: '/home/u1500738/Projects/uart_can_bridge/virtuoso/cds.lib', Line 13: End of DEFINE command while expecting a path.
\w Warning: '/home/u1500738/Projects/uart_can_bridge/virtuoso/cds.lib', Line 14: Skipping: '/research/ece/lnis-teaching/Designkits/tsmc180nm/full_custom_lib/oa/RA1SHD_RD'
\o  
\w Warning: '/home/u1500738/Projects/uart_can_bridge/virtuoso/cds.lib', Line 15: End of DEFINE command while expecting a path.
\w Warning: '/home/u1500738/Projects/uart_can_bridge/virtuoso/cds.lib', Line 16: Skipping: '/research/ece/lnis-teaching/Designkits/tsmc180nm/full_custom_lib/oa/RF2SH'
\o  
\a nrSetCurrentWindow(cdsLibManager)
\a nrSetCurrentWindow(cdsLibManager)
\w Warning: '/home/u1500738/Projects/uart_can_bridge/virtuoso/cds.lib', Line 13: End of DEFINE command while expecting a path.
\w Warning: '/home/u1500738/Projects/uart_can_bridge/virtuoso/cds.lib', Line 14: Skipping: '/research/ece/lnis-teaching/Designkits/tsmc180nm/full_custom_lib/oa/RA1SHD_RD'
\o  
\w Warning: '/home/u1500738/Projects/uart_can_bridge/virtuoso/cds.lib', Line 15: End of DEFINE command while expecting a path.
\w Warning: '/home/u1500738/Projects/uart_can_bridge/virtuoso/cds.lib', Line 16: Skipping: '/research/ece/lnis-teaching/Designkits/tsmc180nm/full_custom_lib/oa/RF2SH'
\o  
\w Warning: '/home/u1500738/Projects/uart_can_bridge/virtuoso/cds.lib', Line 13: End of DEFINE command while expecting a path.
\w Warning: '/home/u1500738/Projects/uart_can_bridge/virtuoso/cds.lib', Line 14: Skipping: '/research/ece/lnis-teaching/Designkits/tsmc180nm/full_custom_lib/oa/RA1SHD_RD'
\o  
\w Warning: '/home/u1500738/Projects/uart_can_bridge/virtuoso/cds.lib', Line 15: End of DEFINE command while expecting a path.
\w Warning: '/home/u1500738/Projects/uart_can_bridge/virtuoso/cds.lib', Line 16: Skipping: '/research/ece/lnis-teaching/Designkits/tsmc180nm/full_custom_lib/oa/RF2SH'
\o  
\a nrSetCurrentWindow(cdsLibManager)
\a cdsLibManager->libListBox->value = "bridge_soc_top"
\a cdsLibManager->libLineEdit->value = "bridge_soc_top"
\a cdsLibManager->cellListBox->value = "bridge_soc_top"
\a cdsLibManager->cellLineEdit->value = "bridge_soc_top"
\o MPS request: edit design
\a nrListItemAction(cdsLibManager->cellListBox 2 0)
\a cdsLibManager->libListBox->value = nil
\a cdsLibManager->libLineEdit->value = ""
\a cdsLibManager->cellLineEdit->value = ""
\a cdsLibManager->cellListBox->value = nil
\w Warning: '/home/u1500738/Projects/uart_can_bridge/virtuoso/cds.lib', Line 13: End of DEFINE command while expecting a path.
\w Warning: '/home/u1500738/Projects/uart_can_bridge/virtuoso/cds.lib', Line 14: Skipping: '/research/ece/lnis-teaching/Designkits/tsmc180nm/full_custom_lib/oa/RA1SHD_RD'
\o  
\w Warning: '/home/u1500738/Projects/uart_can_bridge/virtuoso/cds.lib', Line 15: End of DEFINE command while expecting a path.
\w Warning: '/home/u1500738/Projects/uart_can_bridge/virtuoso/cds.lib', Line 16: Skipping: '/research/ece/lnis-teaching/Designkits/tsmc180nm/full_custom_lib/oa/RF2SH'
\o  
\a cdsLibManager->libListBox->value = "bridge_soc_top"
\a cdsLibManager->libLineEdit->value = "bridge_soc_top"
\a cdsLibManager->cellListBox->value = "bridge_soc_top"
\a cdsLibManager->cellLineEdit->value = "bridge_soc_top"
\a nrSetCurrentWindow(cdsLibManager)
\a nrSetCurrentWindow(cdsLibManager)
\a cdsLibManager->FileNewCVButton->value = t
\a cdsLibManager->libListBox->value = nil
\a cdsLibManager->libLineEdit->value = ""
\a cdsLibManager->cellLineEdit->value = ""
\a cdsLibManager->cellListBox->value = nil
\w Warning: '/home/u1500738/Projects/uart_can_bridge/virtuoso/cds.lib', Line 13: End of DEFINE command while expecting a path.
\w Warning: '/home/u1500738/Projects/uart_can_bridge/virtuoso/cds.lib', Line 14: Skipping: '/research/ece/lnis-teaching/Designkits/tsmc180nm/full_custom_lib/oa/RA1SHD_RD'
\o  
\w Warning: '/home/u1500738/Projects/uart_can_bridge/virtuoso/cds.lib', Line 15: End of DEFINE command while expecting a path.
\w Warning: '/home/u1500738/Projects/uart_can_bridge/virtuoso/cds.lib', Line 16: Skipping: '/research/ece/lnis-teaching/Designkits/tsmc180nm/full_custom_lib/oa/RF2SH'
\o  
\a cdsLibManager->libListBox->value = "bridge_soc_top"
\a cdsLibManager->libLineEdit->value = "bridge_soc_top"
\a cdsLibManager->cellListBox->value = "bridge_soc_top"
\a cdsLibManager->cellLineEdit->value = "bridge_soc_top"
\a nrSetCurrentWindow(cdsLibManager)
\a nrSetCurrentWindow(cdsLibManager)
\o Cell filter set to "sr"
\a cdsLibManager->libListBox->value = nil
\a cdsLibManager->libLineEdit->value = ""
\a cdsLibManager->cellListBox->value = nil
\a cdsLibManager->cellLineEdit->value = ""
\w Warning: '/home/u1500738/Projects/uart_can_bridge/virtuoso/cds.lib', Line 13: End of DEFINE command while expecting a path.
\w Warning: '/home/u1500738/Projects/uart_can_bridge/virtuoso/cds.lib', Line 14: Skipping: '/research/ece/lnis-teaching/Designkits/tsmc180nm/full_custom_lib/oa/RA1SHD_RD'
\o  
\w Warning: '/home/u1500738/Projects/uart_can_bridge/virtuoso/cds.lib', Line 15: End of DEFINE command while expecting a path.
\w Warning: '/home/u1500738/Projects/uart_can_bridge/virtuoso/cds.lib', Line 16: Skipping: '/research/ece/lnis-teaching/Designkits/tsmc180nm/full_custom_lib/oa/RF2SH'
\o  
\a cdsLibManager->libListBox->value = "bridge_soc_top"
\a cdsLibManager->libLineEdit->value = "bridge_soc_top"
\a _lmSetFilter( 'cell "sr")
\o Cell filter set to ""
\a cdsLibManager->libListBox->value = nil
\a cdsLibManager->libLineEdit->value = ""
\w Warning: '/home/u1500738/Projects/uart_can_bridge/virtuoso/cds.lib', Line 13: End of DEFINE command while expecting a path.
\w Warning: '/home/u1500738/Projects/uart_can_bridge/virtuoso/cds.lib', Line 14: Skipping: '/research/ece/lnis-teaching/Designkits/tsmc180nm/full_custom_lib/oa/RA1SHD_RD'
\o  
\w Warning: '/home/u1500738/Projects/uart_can_bridge/virtuoso/cds.lib', Line 15: End of DEFINE command while expecting a path.
\w Warning: '/home/u1500738/Projects/uart_can_bridge/virtuoso/cds.lib', Line 16: Skipping: '/research/ece/lnis-teaching/Designkits/tsmc180nm/full_custom_lib/oa/RF2SH'
\o  
\a cdsLibManager->libListBox->value = "bridge_soc_top"
\a cdsLibManager->libLineEdit->value = "bridge_soc_top"
\a _lmSetFilter( 'cell "")
\a cdsLibManager->cellComboFilter->value = ""
\a cdsLibManager->FileNewLibButton->value = t
\a NewLibShell->newLibNameText->value = ""
\a NewLibShell->QLineEdit1->value = ""
\a NewLibShell->QLineEdit1->value = "/home/u1500738/Projects/uart_can_bridge/virtuoso"
\a nrSetWindowVisibility(NewLibShell->subDialog "show")
\a nrSetCurrentWindow(NewLibShell)
\a nrSetCurrentWindow(NewLibShell->subDialog)
\a nrResizeWindow(NewLibShell list(554 227 507 559))
\a nrSetCurrentWindow(cdsLibManager)
\a nrResizeWindow(NewLibShell list(554 190 507 559))
\a cdsLibManager->FileNewCVButton->value = t
\a cdsLibManager->libListBox->value = nil
\a cdsLibManager->libLineEdit->value = ""
\w Warning: '/home/u1500738/Projects/uart_can_bridge/virtuoso/cds.lib', Line 13: End of DEFINE command while expecting a path.
\w Warning: '/home/u1500738/Projects/uart_can_bridge/virtuoso/cds.lib', Line 14: Skipping: '/research/ece/lnis-teaching/Designkits/tsmc180nm/full_custom_lib/oa/RA1SHD_RD'
\o  
\w Warning: '/home/u1500738/Projects/uart_can_bridge/virtuoso/cds.lib', Line 15: End of DEFINE command while expecting a path.
\w Warning: '/home/u1500738/Projects/uart_can_bridge/virtuoso/cds.lib', Line 16: Skipping: '/research/ece/lnis-teaching/Designkits/tsmc180nm/full_custom_lib/oa/RF2SH'
\o  
\a cdsLibManager->libListBox->value = "bridge_soc_top"
\a cdsLibManager->libLineEdit->value = "bridge_soc_top"
\a nrSetCurrentWindow(cdsLibManager)
\a nrSetWindowVisibility(cdsLibManager "hide")
\a nrSetWindowVisibility(cdsLibManager "show")
\a nrSetCurrentWindow(cdsLibManager)
\a nrSetCurrentWindow(cdsLibManager)
\a cdsLibManager->libListBox->value = nil
\a cdsLibManager->libLineEdit->value = ""
\w Warning: '/home/u1500738/Projects/uart_can_bridge/virtuoso/cds.lib', Line 13: End of DEFINE command while expecting a path.
\w Warning: '/home/u1500738/Projects/uart_can_bridge/virtuoso/cds.lib', Line 14: Skipping: '/research/ece/lnis-teaching/Designkits/tsmc180nm/full_custom_lib/oa/RA1SHD_RD'
\o  
\w Warning: '/home/u1500738/Projects/uart_can_bridge/virtuoso/cds.lib', Line 15: End of DEFINE command while expecting a path.
\w Warning: '/home/u1500738/Projects/uart_can_bridge/virtuoso/cds.lib', Line 16: Skipping: '/research/ece/lnis-teaching/Designkits/tsmc180nm/full_custom_lib/oa/RF2SH'
\o  
\a cdsLibManager->libListBox->value = "bridge_soc_top"
\a cdsLibManager->libLineEdit->value = "bridge_soc_top"
\a cdsLibManager->libListBox->value = nil
\a cdsLibManager->libLineEdit->value = ""
\w Warning: '/home/u1500738/Projects/uart_can_bridge/virtuoso/cds.lib', Line 13: End of DEFINE command while expecting a path.
\w Warning: '/home/u1500738/Projects/uart_can_bridge/virtuoso/cds.lib', Line 14: Skipping: '/research/ece/lnis-teaching/Designkits/tsmc180nm/full_custom_lib/oa/RA1SHD_RD'
\o  
\w Warning: '/home/u1500738/Projects/uart_can_bridge/virtuoso/cds.lib', Line 15: End of DEFINE command while expecting a path.
\w Warning: '/home/u1500738/Projects/uart_can_bridge/virtuoso/cds.lib', Line 16: Skipping: '/research/ece/lnis-teaching/Designkits/tsmc180nm/full_custom_lib/oa/RF2SH'
\o  
\a cdsLibManager->libListBox->value = "bridge_soc_top"
\a cdsLibManager->libLineEdit->value = "bridge_soc_top"
\a nrSetCurrentWindow(cdsLibManager)
\a cdsLibManager->FileNewCVButton->value = t
\a cdsLibManager->libListBox->value = nil
\a cdsLibManager->libLineEdit->value = ""
\w Warning: '/home/u1500738/Projects/uart_can_bridge/virtuoso/cds.lib', Line 13: End of DEFINE command while expecting a path.
\w Warning: '/home/u1500738/Projects/uart_can_bridge/virtuoso/cds.lib', Line 14: Skipping: '/research/ece/lnis-teaching/Designkits/tsmc180nm/full_custom_lib/oa/RA1SHD_RD'
\o  
\w Warning: '/home/u1500738/Projects/uart_can_bridge/virtuoso/cds.lib', Line 15: End of DEFINE command while expecting a path.
\w Warning: '/home/u1500738/Projects/uart_can_bridge/virtuoso/cds.lib', Line 16: Skipping: '/research/ece/lnis-teaching/Designkits/tsmc180nm/full_custom_lib/oa/RF2SH'
\o  
\a cdsLibManager->libListBox->value = "bridge_soc_top"
\a cdsLibManager->libLineEdit->value = "bridge_soc_top"
\a nrSetCurrentWindow(cdsLibManager)
\a nrSetCurrentWindow(cdsLibManager)
\a cdsLibManager->libListBox->value = nil
\a cdsLibManager->libLineEdit->value = ""
\w Warning: '/home/u1500738/Projects/uart_can_bridge/virtuoso/cds.lib', Line 13: End of DEFINE command while expecting a path.
\w Warning: '/home/u1500738/Projects/uart_can_bridge/virtuoso/cds.lib', Line 14: Skipping: '/research/ece/lnis-teaching/Designkits/tsmc180nm/full_custom_lib/oa/RA1SHD_RD'
\o  
\w Warning: '/home/u1500738/Projects/uart_can_bridge/virtuoso/cds.lib', Line 15: End of DEFINE command while expecting a path.
\w Warning: '/home/u1500738/Projects/uart_can_bridge/virtuoso/cds.lib', Line 16: Skipping: '/research/ece/lnis-teaching/Designkits/tsmc180nm/full_custom_lib/oa/RF2SH'
\o  
\a cdsLibManager->libListBox->value = "bridge_soc_top"
\a cdsLibManager->libLineEdit->value = "bridge_soc_top"
\a nrSetCurrentWindow(cdsLibManager)
\a cdsLibManager->libListBox->value = "tsmc18"
\a cdsLibManager->libLineEdit->value = "tsmc18"
\a nrSetWindowVisibility(cdsLibManager "hide")
\a nrSetWindowVisibility(cdsLibManager "show")
\a nrSetCurrentWindow(cdsLibManager)
\a cdsLibManager->libListBox->value = nil
\a cdsLibManager->libLineEdit->value = ""
\w Warning: '/home/u1500738/Projects/uart_can_bridge/virtuoso/cds.lib', Line 13: End of DEFINE command while expecting a path.
\w Warning: '/home/u1500738/Projects/uart_can_bridge/virtuoso/cds.lib', Line 14: Skipping: '/research/ece/lnis-teaching/Designkits/tsmc180nm/full_custom_lib/oa/RA1SHD_RD'
\o  
\w Warning: '/home/u1500738/Projects/uart_can_bridge/virtuoso/cds.lib', Line 15: End of DEFINE command while expecting a path.
\w Warning: '/home/u1500738/Projects/uart_can_bridge/virtuoso/cds.lib', Line 16: Skipping: '/research/ece/lnis-teaching/Designkits/tsmc180nm/full_custom_lib/oa/RF2SH'
\o  
\a cdsLibManager->libListBox->value = "tsmc18"
\a cdsLibManager->libLineEdit->value = "tsmc18"
\a cdsLibManager->libListBox->value = nil
\a cdsLibManager->libLineEdit->value = ""
\w Warning: '/home/u1500738/Projects/uart_can_bridge/virtuoso/cds.lib', Line 13: End of DEFINE command while expecting a path.
\w Warning: '/home/u1500738/Projects/uart_can_bridge/virtuoso/cds.lib', Line 14: Skipping: '/research/ece/lnis-teaching/Designkits/tsmc180nm/full_custom_lib/oa/RA1SHD_RD'
\o  
\w Warning: '/home/u1500738/Projects/uart_can_bridge/virtuoso/cds.lib', Line 15: End of DEFINE command while expecting a path.
\w Warning: '/home/u1500738/Projects/uart_can_bridge/virtuoso/cds.lib', Line 16: Skipping: '/research/ece/lnis-teaching/Designkits/tsmc180nm/full_custom_lib/oa/RF2SH'
\o  
\a cdsLibManager->libListBox->value = "tsmc18"
\a cdsLibManager->libLineEdit->value = "tsmc18"
\a nrSetCurrentWindow(cdsLibManager)
\a cdsLibManager->libListBox->value = "bridge_soc_top"
\a cdsLibManager->libLineEdit->value = "bridge_soc_top"
\a cdsLibManager->cellListBox->value = "fullchip_bridge_soc_top"
\a cdsLibManager->cellLineEdit->value = "fullchip_bridge_soc_top"
\a cdsLibManager->viewListBox->value = "layout"
\a cdsLibManager->viewLineEdit->value = "layout"
\a cdsLibManager->viewLineEdit->value = ""
\a cdsLibManager->viewListBox->value = nil
\o MPS request: edit design
\a nrListItemAction(cdsLibManager->cellListBox 41 0)
\a cdsLibManager->libListBox->value = nil
\a cdsLibManager->libLineEdit->value = ""
\a cdsLibManager->cellLineEdit->value = ""
\a cdsLibManager->cellListBox->value = nil
\w Warning: '/home/u1500738/Projects/uart_can_bridge/virtuoso/cds.lib', Line 13: End of DEFINE command while expecting a path.
\w Warning: '/home/u1500738/Projects/uart_can_bridge/virtuoso/cds.lib', Line 14: Skipping: '/research/ece/lnis-teaching/Designkits/tsmc180nm/full_custom_lib/oa/RA1SHD_RD'
\o  
\w Warning: '/home/u1500738/Projects/uart_can_bridge/virtuoso/cds.lib', Line 15: End of DEFINE command while expecting a path.
\w Warning: '/home/u1500738/Projects/uart_can_bridge/virtuoso/cds.lib', Line 16: Skipping: '/research/ece/lnis-teaching/Designkits/tsmc180nm/full_custom_lib/oa/RF2SH'
\o  
\a cdsLibManager->libListBox->value = "bridge_soc_top"
\a cdsLibManager->libLineEdit->value = "bridge_soc_top"
\a cdsLibManager->cellListBox->value = "fullchip_bridge_soc_top"
\a cdsLibManager->cellLineEdit->value = "fullchip_bridge_soc_top"
\a cdsLibManager->viewListBox->value = "layout"
\a cdsLibManager->viewLineEdit->value = "layout"
\a cdsLibManager->viewLineEdit->value = ""
\a cdsLibManager->viewListBox->value = nil
\a cdsLibManager->viewListBox->value = "layout"
\a cdsLibManager->viewLineEdit->value = "layout"
\a nrSetCurrentWindow(cdsLibManager)
\a nrSetCurrentWindow(cdsLibManager)
\a cdsLibManager->cellListBox->value = "sr_bridge_soc_top_metalfill"
\a cdsLibManager->cellLineEdit->value = "sr_bridge_soc_top_metalfill"
\a cdsLibManager->viewLineEdit->value = ""
\a cdsLibManager->viewListBox->value = nil
\a cdsLibManager->viewListBox->value = "layout"
\a cdsLibManager->viewLineEdit->value = "layout"
\a cdsLibManager->viewLineEdit->value = ""
\a cdsLibManager->viewListBox->value = nil
\o MPS request: edit design
\a nrListItemAction(cdsLibManager->cellListBox 50 0)
\a cdsLibManager->libListBox->value = nil
\a cdsLibManager->libLineEdit->value = ""
\a cdsLibManager->cellLineEdit->value = ""
\a cdsLibManager->cellListBox->value = nil
\w Warning: '/home/u1500738/Projects/uart_can_bridge/virtuoso/cds.lib', Line 13: End of DEFINE command while expecting a path.
\w Warning: '/home/u1500738/Projects/uart_can_bridge/virtuoso/cds.lib', Line 14: Skipping: '/research/ece/lnis-teaching/Designkits/tsmc180nm/full_custom_lib/oa/RA1SHD_RD'
\o  
\w Warning: '/home/u1500738/Projects/uart_can_bridge/virtuoso/cds.lib', Line 15: End of DEFINE command while expecting a path.
\w Warning: '/home/u1500738/Projects/uart_can_bridge/virtuoso/cds.lib', Line 16: Skipping: '/research/ece/lnis-teaching/Designkits/tsmc180nm/full_custom_lib/oa/RF2SH'
\o  
\a cdsLibManager->libListBox->value = "bridge_soc_top"
\a cdsLibManager->libLineEdit->value = "bridge_soc_top"
\a cdsLibManager->cellListBox->value = "sr_bridge_soc_top_metalfill"
\a cdsLibManager->cellLineEdit->value = "sr_bridge_soc_top_metalfill"
\a cdsLibManager->viewListBox->value = "layout"
\a cdsLibManager->viewLineEdit->value = "layout"
\a cdsLibManager->viewLineEdit->value = ""
\a cdsLibManager->viewListBox->value = nil
\a cdsLibManager->viewListBox->value = "layout"
\a cdsLibManager->viewLineEdit->value = "layout"
\a nrSetCurrentWindow(cdsLibManager)
\a nrSetCurrentWindow(cdsLibManager)
\a cdsLibManager->cellListBox->value = "bridge_soc_top_metalfill"
\a cdsLibManager->cellLineEdit->value = "bridge_soc_top_metalfill"
\a cdsLibManager->viewLineEdit->value = ""
\a cdsLibManager->viewListBox->value = nil
\a cdsLibManager->viewListBox->value = "layout"
\a cdsLibManager->viewLineEdit->value = "layout"
\a cdsLibManager->viewLineEdit->value = ""
\a cdsLibManager->viewListBox->value = nil
\o MPS request: edit design
\a nrListItemAction(cdsLibManager->cellListBox 39 0)
\a cdsLibManager->libListBox->value = nil
\a cdsLibManager->libLineEdit->value = ""
\a cdsLibManager->cellLineEdit->value = ""
\a cdsLibManager->cellListBox->value = nil
\w Warning: '/home/u1500738/Projects/uart_can_bridge/virtuoso/cds.lib', Line 13: End of DEFINE command while expecting a path.
\w Warning: '/home/u1500738/Projects/uart_can_bridge/virtuoso/cds.lib', Line 14: Skipping: '/research/ece/lnis-teaching/Designkits/tsmc180nm/full_custom_lib/oa/RA1SHD_RD'
\o  
\w Warning: '/home/u1500738/Projects/uart_can_bridge/virtuoso/cds.lib', Line 15: End of DEFINE command while expecting a path.
\w Warning: '/home/u1500738/Projects/uart_can_bridge/virtuoso/cds.lib', Line 16: Skipping: '/research/ece/lnis-teaching/Designkits/tsmc180nm/full_custom_lib/oa/RF2SH'
\o  
\a cdsLibManager->libListBox->value = "bridge_soc_top"
\a cdsLibManager->libLineEdit->value = "bridge_soc_top"
\a cdsLibManager->cellListBox->value = "bridge_soc_top_metalfill"
\a cdsLibManager->cellLineEdit->value = "bridge_soc_top_metalfill"
\a cdsLibManager->viewListBox->value = "layout"
\a cdsLibManager->viewLineEdit->value = "layout"
\a cdsLibManager->viewLineEdit->value = ""
\a cdsLibManager->viewListBox->value = nil
\a cdsLibManager->viewListBox->value = "layout"
\a cdsLibManager->viewLineEdit->value = "layout"
\a nrSetCurrentWindow(cdsLibManager)
\a nrSetCurrentWindow(cdsLibManager)
\a nrSetCurrentWindow(cdsLibManager)
\o Cell filter set to "metal"
\a cdsLibManager->libListBox->value = nil
\a cdsLibManager->libLineEdit->value = ""
\a cdsLibManager->cellListBox->value = nil
\a cdsLibManager->viewLineEdit->value = ""
\a cdsLibManager->viewListBox->value = nil
\a cdsLibManager->cellLineEdit->value = ""
\w Warning: '/home/u1500738/Projects/uart_can_bridge/virtuoso/cds.lib', Line 13: End of DEFINE command while expecting a path.
\w Warning: '/home/u1500738/Projects/uart_can_bridge/virtuoso/cds.lib', Line 14: Skipping: '/research/ece/lnis-teaching/Designkits/tsmc180nm/full_custom_lib/oa/RA1SHD_RD'
\o  
\w Warning: '/home/u1500738/Projects/uart_can_bridge/virtuoso/cds.lib', Line 15: End of DEFINE command while expecting a path.
\w Warning: '/home/u1500738/Projects/uart_can_bridge/virtuoso/cds.lib', Line 16: Skipping: '/research/ece/lnis-teaching/Designkits/tsmc180nm/full_custom_lib/oa/RF2SH'
\o  
\a cdsLibManager->libListBox->value = "bridge_soc_top"
\a cdsLibManager->libLineEdit->value = "bridge_soc_top"
\a _lmSetFilter( 'cell "metal")
\o Cell filter set to "meta"
\a cdsLibManager->libListBox->value = nil
\a cdsLibManager->libLineEdit->value = ""
\w Warning: '/home/u1500738/Projects/uart_can_bridge/virtuoso/cds.lib', Line 13: End of DEFINE command while expecting a path.
\w Warning: '/home/u1500738/Projects/uart_can_bridge/virtuoso/cds.lib', Line 14: Skipping: '/research/ece/lnis-teaching/Designkits/tsmc180nm/full_custom_lib/oa/RA1SHD_RD'
\o  
\w Warning: '/home/u1500738/Projects/uart_can_bridge/virtuoso/cds.lib', Line 15: End of DEFINE command while expecting a path.
\w Warning: '/home/u1500738/Projects/uart_can_bridge/virtuoso/cds.lib', Line 16: Skipping: '/research/ece/lnis-teaching/Designkits/tsmc180nm/full_custom_lib/oa/RF2SH'
\o  
\a cdsLibManager->libListBox->value = "bridge_soc_top"
\a cdsLibManager->libLineEdit->value = "bridge_soc_top"
\a _lmSetFilter( 'cell "meta")
\o Cell filter set to ""
\a cdsLibManager->libListBox->value = nil
\a cdsLibManager->libLineEdit->value = ""
\w Warning: '/home/u1500738/Projects/uart_can_bridge/virtuoso/cds.lib', Line 13: End of DEFINE command while expecting a path.
\w Warning: '/home/u1500738/Projects/uart_can_bridge/virtuoso/cds.lib', Line 14: Skipping: '/research/ece/lnis-teaching/Designkits/tsmc180nm/full_custom_lib/oa/RA1SHD_RD'
\o  
\w Warning: '/home/u1500738/Projects/uart_can_bridge/virtuoso/cds.lib', Line 15: End of DEFINE command while expecting a path.
\w Warning: '/home/u1500738/Projects/uart_can_bridge/virtuoso/cds.lib', Line 16: Skipping: '/research/ece/lnis-teaching/Designkits/tsmc180nm/full_custom_lib/oa/RF2SH'
\o  
\a cdsLibManager->libListBox->value = "bridge_soc_top"
\a cdsLibManager->libLineEdit->value = "bridge_soc_top"
\a _lmSetFilter( 'cell "")
\a cdsLibManager->cellComboFilter->value = ""
\a cdsLibManager->libListBox->value = nil
\a cdsLibManager->libLineEdit->value = ""
\w Warning: '/home/u1500738/Projects/uart_can_bridge/virtuoso/cds.lib', Line 13: End of DEFINE command while expecting a path.
\w Warning: '/home/u1500738/Projects/uart_can_bridge/virtuoso/cds.lib', Line 14: Skipping: '/research/ece/lnis-teaching/Designkits/tsmc180nm/full_custom_lib/oa/RA1SHD_RD'
\o  
\w Warning: '/home/u1500738/Projects/uart_can_bridge/virtuoso/cds.lib', Line 15: End of DEFINE command while expecting a path.
\w Warning: '/home/u1500738/Projects/uart_can_bridge/virtuoso/cds.lib', Line 16: Skipping: '/research/ece/lnis-teaching/Designkits/tsmc180nm/full_custom_lib/oa/RF2SH'
\o  
\a cdsLibManager->libListBox->value = "bridge_soc_top"
\a cdsLibManager->libLineEdit->value = "bridge_soc_top"
\a cdsLibManager->libListBox->value = nil
\a cdsLibManager->libLineEdit->value = ""
\w Warning: '/home/u1500738/Projects/uart_can_bridge/virtuoso/cds.lib', Line 13: End of DEFINE command while expecting a path.
\w Warning: '/home/u1500738/Projects/uart_can_bridge/virtuoso/cds.lib', Line 14: Skipping: '/research/ece/lnis-teaching/Designkits/tsmc180nm/full_custom_lib/oa/RA1SHD_RD'
\o  
\w Warning: '/home/u1500738/Projects/uart_can_bridge/virtuoso/cds.lib', Line 15: End of DEFINE command while expecting a path.
\w Warning: '/home/u1500738/Projects/uart_can_bridge/virtuoso/cds.lib', Line 16: Skipping: '/research/ece/lnis-teaching/Designkits/tsmc180nm/full_custom_lib/oa/RF2SH'
\o  
\a cdsLibManager->libListBox->value = "bridge_soc_top"
\a cdsLibManager->libLineEdit->value = "bridge_soc_top"
\a nrSetCurrentWindow(cdsLibManager)
\a cdsLibManager->cellListBox->value = "sr_bridge_soc_top_metalfill"
\a cdsLibManager->cellLineEdit->value = "sr_bridge_soc_top_metalfill"
\a cdsLibManager->viewListBox->value = "layout"
\a cdsLibManager->viewLineEdit->value = "layout"
\a cdsLibManager->cellListBox->value = "bridge_soc_top_polyfill"
\a cdsLibManager->cellLineEdit->value = "bridge_soc_top_polyfill"
\a cdsLibManager->viewLineEdit->value = ""
\a cdsLibManager->viewListBox->value = nil
\a cdsLibManager->viewListBox->value = "layout"
\a cdsLibManager->viewLineEdit->value = "layout"
\a cdsLibManager->cellListBox->value = "bridge_soc_top_metalfill"
\a cdsLibManager->cellLineEdit->value = "bridge_soc_top_metalfill"
\a cdsLibManager->viewLineEdit->value = ""
\a cdsLibManager->viewListBox->value = nil
\a cdsLibManager->viewListBox->value = "layout"
\a cdsLibManager->viewLineEdit->value = "layout"
\a cdsLibManager->viewLineEdit->value = ""
\a cdsLibManager->viewListBox->value = nil
\o MPS request: edit design
\a nrListItemAction(cdsLibManager->cellListBox 39 0)
\a cdsLibManager->libListBox->value = nil
\a cdsLibManager->libLineEdit->value = ""
\a cdsLibManager->cellLineEdit->value = ""
\a cdsLibManager->cellListBox->value = nil
\w Warning: '/home/u1500738/Projects/uart_can_bridge/virtuoso/cds.lib', Line 13: End of DEFINE command while expecting a path.
\w Warning: '/home/u1500738/Projects/uart_can_bridge/virtuoso/cds.lib', Line 14: Skipping: '/research/ece/lnis-teaching/Designkits/tsmc180nm/full_custom_lib/oa/RA1SHD_RD'
\o  
\w Warning: '/home/u1500738/Projects/uart_can_bridge/virtuoso/cds.lib', Line 15: End of DEFINE command while expecting a path.
\w Warning: '/home/u1500738/Projects/uart_can_bridge/virtuoso/cds.lib', Line 16: Skipping: '/research/ece/lnis-teaching/Designkits/tsmc180nm/full_custom_lib/oa/RF2SH'
\o  
\a cdsLibManager->libListBox->value = "bridge_soc_top"
\a cdsLibManager->libLineEdit->value = "bridge_soc_top"
\a cdsLibManager->cellListBox->value = "bridge_soc_top_metalfill"
\a cdsLibManager->cellLineEdit->value = "bridge_soc_top_metalfill"
\a cdsLibManager->viewListBox->value = "layout"
\a cdsLibManager->viewLineEdit->value = "layout"
\a cdsLibManager->viewLineEdit->value = ""
\a cdsLibManager->viewListBox->value = nil
\a cdsLibManager->viewListBox->value = "layout"
\a cdsLibManager->viewLineEdit->value = "layout"
\a nrSetCurrentWindow(cdsLibManager)
\a nrSetCurrentWindow(cdsLibManager)
\a cdsLibManager->cellListBox->value = "bridge_soc_top_polyfill"
\a cdsLibManager->cellLineEdit->value = "bridge_soc_top_polyfill"
\a cdsLibManager->viewLineEdit->value = ""
\a cdsLibManager->viewListBox->value = nil
\a cdsLibManager->viewListBox->value = "layout"
\a cdsLibManager->viewLineEdit->value = "layout"
\a cdsLibManager->cellListBox->value = "sr_bridge_soc_top_metalfill"
\a cdsLibManager->cellLineEdit->value = "sr_bridge_soc_top_metalfill"
\a cdsLibManager->viewLineEdit->value = ""
\a cdsLibManager->viewListBox->value = nil
\a cdsLibManager->viewListBox->value = "layout"
\a cdsLibManager->viewLineEdit->value = "layout"
\a cdsLibManager->cellLineEdit->value = ""
\a cdsLibManager->cellListBox->value = nil
\a cdsLibManager->viewLineEdit->value = ""
\a cdsLibManager->viewListBox->value = nil
\a cdsLibManager->cellListBox->value = "sr_bridge_soc_top_metalfill"
\a cdsLibManager->cellLineEdit->value = "sr_bridge_soc_top_metalfill"
\a cdsLibManager->viewListBox->value = "layout"
\a cdsLibManager->viewLineEdit->value = "layout"
\a cdsLibManager->viewLineEdit->value = ""
\a cdsLibManager->viewListBox->value = nil
\o MPS request: edit design
\a nrListItemAction(cdsLibManager->cellListBox 50 0)
\a cdsLibManager->libListBox->value = nil
\a cdsLibManager->libLineEdit->value = ""
\a cdsLibManager->cellLineEdit->value = ""
\a cdsLibManager->cellListBox->value = nil
\w Warning: '/home/u1500738/Projects/uart_can_bridge/virtuoso/cds.lib', Line 13: End of DEFINE command while expecting a path.
\w Warning: '/home/u1500738/Projects/uart_can_bridge/virtuoso/cds.lib', Line 14: Skipping: '/research/ece/lnis-teaching/Designkits/tsmc180nm/full_custom_lib/oa/RA1SHD_RD'
\o  
\w Warning: '/home/u1500738/Projects/uart_can_bridge/virtuoso/cds.lib', Line 15: End of DEFINE command while expecting a path.
\w Warning: '/home/u1500738/Projects/uart_can_bridge/virtuoso/cds.lib', Line 16: Skipping: '/research/ece/lnis-teaching/Designkits/tsmc180nm/full_custom_lib/oa/RF2SH'
\o  
\a cdsLibManager->libListBox->value = "bridge_soc_top"
\a cdsLibManager->libLineEdit->value = "bridge_soc_top"
\a cdsLibManager->cellListBox->value = "sr_bridge_soc_top_metalfill"
\a cdsLibManager->cellLineEdit->value = "sr_bridge_soc_top_metalfill"
\a cdsLibManager->viewListBox->value = "layout"
\a cdsLibManager->viewLineEdit->value = "layout"
\a cdsLibManager->viewLineEdit->value = ""
\a cdsLibManager->viewListBox->value = nil
\a cdsLibManager->viewListBox->value = "layout"
\a cdsLibManager->viewLineEdit->value = "layout"
\a nrSetCurrentWindow(cdsLibManager)
\a nrSetCurrentWindow(cdsLibManager)
\a nrSetWindowVisibility(cdsLibManager "hide")
\a nrSetWindowVisibility(cdsLibManager "show")
\a nrSetWindowVisibility(cdsLibManager "hide")
\a nrSetWindowVisibility(cdsLibManager "show")
\a nrSetCurrentWindow(cdsLibManager)
\a cdsLibManager->cellListBox->value = "bridge_soc_top"
\a cdsLibManager->cellLineEdit->value = "bridge_soc_top"
\a cdsLibManager->viewLineEdit->value = ""
\a cdsLibManager->viewListBox->value = nil
\a cdsLibManager->viewListBox->value = "layout"
\a cdsLibManager->viewLineEdit->value = "layout"
\a cdsLibManager->viewLineEdit->value = ""
\a cdsLibManager->viewListBox->value = nil
\o MPS request: edit design
\a nrListItemAction(cdsLibManager->cellListBox 9 0)
\a cdsLibManager->libListBox->value = nil
\a cdsLibManager->libLineEdit->value = ""
\a cdsLibManager->cellLineEdit->value = ""
\a cdsLibManager->cellListBox->value = nil
\w Warning: '/home/u1500738/Projects/uart_can_bridge/virtuoso/cds.lib', Line 13: End of DEFINE command while expecting a path.
\w Warning: '/home/u1500738/Projects/uart_can_bridge/virtuoso/cds.lib', Line 14: Skipping: '/research/ece/lnis-teaching/Designkits/tsmc180nm/full_custom_lib/oa/RA1SHD_RD'
\o  
\w Warning: '/home/u1500738/Projects/uart_can_bridge/virtuoso/cds.lib', Line 15: End of DEFINE command while expecting a path.
\w Warning: '/home/u1500738/Projects/uart_can_bridge/virtuoso/cds.lib', Line 16: Skipping: '/research/ece/lnis-teaching/Designkits/tsmc180nm/full_custom_lib/oa/RF2SH'
\o  
\a cdsLibManager->libListBox->value = "bridge_soc_top"
\a cdsLibManager->libLineEdit->value = "bridge_soc_top"
\a cdsLibManager->cellListBox->value = "bridge_soc_top"
\a cdsLibManager->cellLineEdit->value = "bridge_soc_top"
\a cdsLibManager->viewListBox->value = "layout"
\a cdsLibManager->viewLineEdit->value = "layout"
\a cdsLibManager->viewLineEdit->value = ""
\a cdsLibManager->viewListBox->value = nil
\a cdsLibManager->viewListBox->value = "layout"
\a cdsLibManager->viewLineEdit->value = "layout"
\a nrSetCurrentWindow(cdsLibManager)
\a nrSetCurrentWindow(cdsLibManager)
\a nrSetWindowVisibility(cdsLibManager "hide")
\a nrSetWindowVisibility(cdsLibManager "show")
\a nrSetWindowVisibility(cdsLibManager "hide")
\a nrSetWindowVisibility(cdsLibManager "show")
\a nrSetWindowVisibility(cdsLibManager "hide")
\a nrSetWindowVisibility(cdsLibManager "show")
\a nrSetWindowVisibility(cdsLibManager "hide")
\a nrSetWindowVisibility(cdsLibManager "show")
\a nrSetWindowVisibility(cdsLibManager "hide")
\a nrSetWindowVisibility(cdsLibManager "show")
\a nrSetWindowVisibility(cdsLibManager "hide")
\a nrSetWindowVisibility(cdsLibManager "show")
\a nrSetWindowVisibility(cdsLibManager "hide")
