###############################################################
#  Generated by:      Cadence Innovus 21.15-s110_1
#  OS:                Linux x86_64(Host ID lnissrv4)
#  Generated on:      Thu Dec  5 21:40:46 2024
#  Design:            bridge_soc_top
#  Command:           verify_drc -report ./RPT/geometry.rpt
###############################################################
#set_verify_drc_mode -check_only regular

SHORT: ( Metal Short ) Regular Wire of Net clock & Blockage of Cell clk_pad  ( METAL3 )
Bounds : ( 335.770, 834.220 ) ( 336.150, 834.500 )


SHORT: ( Metal Short ) Regular Wire of Net clock & Blockage of Cell clk_pad  ( METAL3 )
Bounds : ( 335.820, 826.890 ) ( 336.100, 834.500 )


SHORT: ( Metal Short ) Regular Wire of Net clock & Blockage of Cell clk_pad  ( METAL5 )
Bounds : ( 335.720, 834.730 ) ( 336.255, 835.110 )


SHORT: ( Metal Short ) Regular Wire of Net clock & Blockage of Cell clk_pad  ( METAL4 )
Bounds : ( 335.820, 834.170 ) ( 336.100, 835.110 )


SHORT: ( Metal Short ) Regular Wire of Net clock & Blockage of Cell clk_pad  ( METAL3 )
Bounds : ( 304.460, 758.060 ) ( 306.980, 758.150 )


SHORT: ( Metal Short ) Regular Wire of Net clock & Blockage of Cell clk_pad  ( METAL3 )
Bounds : ( 304.460, 758.060 ) ( 306.200, 758.340 )


SHORT: ( Metal Short ) Regular Wire of Net clock & Blockage of Cell clk_pad  ( METAL3 )
Bounds : ( 310.060, 771.840 ) ( 310.340, 772.400 )


SHORT: ( Metal Short ) Regular Wire of Net clock & Blockage of Cell clk_pad  ( METAL3 )
Bounds : ( 310.060, 784.290 ) ( 310.340, 786.950 )


SHORT: ( Metal Short ) Regular Wire of Net clock & Blockage of Cell clk_pad  ( METAL3 )
Bounds : ( 304.460, 689.490 ) ( 304.740, 758.340 )


  Total Violations : 9 Viols.
