###############################################################
#  Generated by:      Cadence Innovus 21.15-s110_1
#  OS:                Linux x86_64(Host ID lnissrv4)
#  Generated on:      Thu Dec  5 21:05:41 2024
#  Design:            bridge_soc_top
#  Command:           report_timing > ${rpt_dir}/timing_final.rpt
###############################################################
Path 1: VIOLATED Recovery Check with Pin soc_can_tx_inst_shift_reg_reg[0]/CLK 
Endpoint:   soc_can_tx_inst_shift_reg_reg[0]/RESETB (^) checked with  leading 
edge of 'clock'
Beginpoint: reset                                   (v) triggered by  leading 
edge of '@'
Path Groups: {async_default}
Analysis View: wc
Other End Arrival Time          0.000
- Recovery                      2.276
+ Phase Shift                   2.000
= Required Time                -0.276
- Arrival Time                  6.373
= Slack Time                   -6.649
     Clock Rise Edge                      0.000
     + Input Delay                        0.000
     = Beginpoint Arrival Time            0.000
     +----------------------------------------------------------------------------------------------+ 
     |             Instance             |        Arc        |   Cell   | Delay | Arrival | Required | 
     |                                  |                   |          |       |  Time   |   Time   | 
     |----------------------------------+-------------------+----------+-------+---------+----------| 
     |                                  | reset v           |          |       |   0.000 |   -6.649 | 
     | rst_pad                          | pad v -> DataIn v | pad_in   | 0.256 |   0.256 |   -6.393 | 
     | g4624                            | A v -> Z ^        | INVX2    | 5.944 |   6.200 |   -0.449 | 
     | soc_can_tx_inst_shift_reg_reg[0] | RESETB ^          | DFFQSRX1 | 0.174 |   6.373 |   -0.276 | 
     +----------------------------------------------------------------------------------------------+ 

