============================================================
  Generated by:           Genus(TM) Synthesis Solution 21.15-s080_1
  Generated on:           Dec 01 2024  05:24:11 pm
  Module:                 uart_can_bridge
  Operating conditions:   PVT_1P8V_25C 
  Interconnect mode:      global
  Area mode:              timing library
============================================================

Timing
--------

Clock Period 
-------------
clock 2000.0 


  Cost    Critical         Violating 
 Group   Path Slack  TNS     Paths   
-------------------------------------
C2C           428.8   0.0          0 
C2O        No paths   0.0            
clock      No paths   0.0            
default    No paths   0.0            
I2C        No paths   0.0            
I2O        No paths   0.0            
-------------------------------------
Total                 0.0          0 

Instance Count
--------------
Leaf Instance Count             432 
Physical Instance count           0 
Sequential Instance Count       146 
Combinational Instance Count    286 
Hierarchical Instance Count       3 

Area
----
Cell Area                          17516.849
Physical Cell Area                 0.000
Total Cell Area (Cell+Physical)    17516.849
Net Area                           513.642
Total Area (Cell+Physical+Net)     18030.491

Runtime                            0.0 seconds
Elapsed Runtime                    16 seconds
Genus peak memory usage            1570.92 
Innovus peak memory usage          no_value 
Hostname                           lnissrv4.eng.utah.edu
