============================================================
  Generated by:           Genus(TM) Synthesis Solution 21.15-s080_1
  Generated on:           Dec 01 2024  05:24:14 pm
  Module:                 uart_can_bridge
  Operating conditions:   PVT_1P8V_25C 
  Interconnect mode:      global
  Area mode:              timing library
============================================================

                                 Leakage  
  Gate    Instances    Area    Power (nW)       Library       
--------------------------------------------------------------
AND2X1            6     89.141      0.180    sclib_tsmc180_tt 
BUFX1             1     12.662      0.041    sclib_tsmc180_tt 
DFFQSRX1        146  14422.464     46.025    sclib_tsmc180_tt 
INVX16            1     28.028      0.059    sclib_tsmc180_tt 
INVX2            20    165.424      0.384    sclib_tsmc180_tt 
INVX8             2     34.104      0.071    sclib_tsmc180_tt 
MUX2X1          129   2831.808      8.508    sclib_tsmc180_tt 
NAND2X1          38    481.141      0.710    sclib_tsmc180_tt 
NAND3X1          11    187.572      0.229    sclib_tsmc180_tt 
NOR2X1           17    215.247      0.425    sclib_tsmc180_tt 
OR2X1            13    193.138      0.667    sclib_tsmc180_tt 
XOR2X1            6    144.840      0.547    sclib_tsmc180_tt 
--------------------------------------------------------------
total           390  18805.568     57.847                     


                                            Leakage  Leakage 
     Type      Instances    Area   Area % Power (nW) Power % 
-------------------------------------------------------------
sequential           146 14422.464   76.7     46.025    79.6 
inverter              23   227.556    1.2      0.514     0.9 
buffer                 1    12.662    0.1      0.041     0.1 
unresolved             3     0.000    0.0      0.000     0.0 
logic                220  4142.887   22.0     11.267    19.5 
physical_cells         0     0.000    0.0      0.000     0.0 
-------------------------------------------------------------
total                393 18805.568  100.0     57.847   100.0 

