============================================================
  Generated by:           Genus(TM) Synthesis Solution 21.15-s080_1
  Generated on:           Dec 01 2024  05:24:15 pm
  Module:                 uart_can_bridge
  Operating conditions:   PVT_1P8V_25C 
  Interconnect mode:      global
  Area mode:              timing library
============================================================


Path 1: MET (195 ps) Setup Check with Pin can_rx_inst_shift_reg_reg[102]/CLK->D
          Group: C2C
     Startpoint: (R) can_rx_inst_state_reg[1]/CLK
          Clock: (R) clock
       Endpoint: (F) can_rx_inst_shift_reg_reg[102]/D
          Clock: (R) clock

                     Capture       Launch     
        Clock Edge:+    2000            0     
       Src Latency:+       0            0     
       Net Latency:+       0 (I)        0 (I) 
           Arrival:=    2000            0     
                                              
             Setup:-     207                  
     Required Time:=    1793                  
      Launch Clock:-       0                  
         Data Path:-    1598                  
             Slack:=     195                  

#-----------------------------------------------------------------------------------------------------------
#          Timing Point            Flags    Arc   Edge   Cell     Fanout  Load Trans Delay Arrival Instance 
#                                                                         (fF)  (ps)  (ps)   (ps)  Location 
#-----------------------------------------------------------------------------------------------------------
  can_rx_inst_state_reg[1]/CLK     -       -      R     (arrival)    149     -     0     0       0    (-,-) 
  can_rx_inst_state_reg[1]/Q       -       CLK->Q R     DFFQSRX1       4  21.2   324   301     301    (-,-) 
  g2113/Z                          -       A->Z   F     INVX2          3  15.5   153   128     428    (-,-) 
  g2106_0__7098/Z                  -       B->Z   R     NAND2X1        1   7.3   156   143     571    (-,-) 
  g2090__2398/Z                    -       B->Z   R     OR2X1          4  20.3   312   242     814    (-,-) 
  g3470__5115/Z                    -       A->Z   F     NAND3X1        1  24.9   264   206    1019    (-,-) 
  g3427/Z                          -       A->Z   R     INVX16        36 212.8   223   194    1213    (-,-) 
  g3426/Z                          -       A->Z   F     INVX8          4  29.0    91    78    1291    (-,-) 
  g3425/Z                          -       A->Z   R     INVX8         16  96.2   184   135    1426    (-,-) 
  g3355__7098/Z                    -       S->Z   F     MUX2X1         1   6.4    72   172    1598    (-,-) 
  can_rx_inst_shift_reg_reg[102]/D -       -      F     DFFQSRX1       1     -     -     0    1598    (-,-) 
#-----------------------------------------------------------------------------------------------------------

