###############################################################
#  Generated by:      Cadence Innovus 21.15-s110_1
#  OS:                Linux x86_64(Host ID lnissrv4)
#  Generated on:      Wed Dec  4 22:43:37 2024
#  Design:            bridge_soc_top
#  Command:           verify_drc
###############################################################
#set_verify_drc_mode -check_only regular

SHORT: ( Metal Short ) Regular Wire of Net clock & Blockage of Cell clk_pad  ( METAL3 )
Bounds : ( 345.850, 838.140 ) ( 346.230, 838.420 )


SHORT: ( Metal Short ) Regular Wire of Net clock & Blockage of Cell clk_pad  ( METAL3 )
Bounds : ( 345.900, 830.250 ) ( 346.180, 838.420 )


SHORT: ( Metal Short ) Regular Wire of Net clock & Blockage of Cell clk_pad  ( METAL4 )
Bounds : ( 345.900, 838.090 ) ( 346.180, 838.815 )


SHORT: ( Metal Short ) Regular Wire of Net clock & Blockage of Cell clk_pad  ( METAL5 )
Bounds : ( 345.800, 838.090 ) ( 346.335, 838.470 )


SHORT: ( Metal Short ) Regular Wire of Net clock & Blockage of Cell clk_pad  ( METAL3 )
Bounds : ( 362.700, 787.650 ) ( 362.980, 790.310 )


SHORT: ( Metal Short ) Regular Wire of Net clock & Blockage of Cell clk_pad  ( METAL3 )
Bounds : ( 359.290, 764.220 ) ( 360.105, 764.500 )


SHORT: ( Metal Short ) Regular Wire of Net clock & Blockage of Cell clk_pad  ( METAL3 )
Bounds : ( 359.290, 689.740 ) ( 359.670, 690.020 )


SHORT: ( Metal Short ) Regular Wire of Net clock & Blockage of Cell clk_pad  ( METAL3 )
Bounds : ( 359.340, 688.480 ) ( 359.620, 690.020 )


SHORT: ( Metal Short ) Regular Wire of Net clock & Blockage of Cell clk_pad  ( METAL4 )
Bounds : ( 359.340, 689.690 ) ( 359.620, 764.550 )


  Total Violations : 9 Viols.
